<?xml version="1.0" encoding="UTF-8"?>
<!-- Generated by org.testng.reporters.JUnitXMLReporter -->
<testsuite ignored="0" hostname="RAUSHAN_BADAL" failures="1" tests="1" name="FirefoxTest" time="2.295" errors="0" timestamp="2026-05-23T18:03:04 IST">
  <testcase classname="Day27_testcase.GridLoginTest" name="loginTest" time="2.199">
    <failure type="org.openqa.selenium.SessionNotCreatedException" message="Could not start a new session. Response code 500. Message: Could not start a new session. Error while creating session with the driver service. Unable to obtain: geckodriver, error Command failed with code: 65, executed: [--browser, firefox, --language-binding, java, --output, json]
error sending request for url (https://product-details.mozilla.org/1.0/firefox_versions.json)
Build info: version: &amp;apos;4.43.0&amp;apos;, revision: &amp;apos;dd0f534&amp;apos;
System info: os.name: &amp;apos;Windows 11&amp;apos;, os.arch: &amp;apos;amd64&amp;apos;, os.version: &amp;apos;10.0&amp;apos;, java.version: &amp;apos;25.0.1&amp;apos;
Driver info: driver.version: unknown 
Host info: host: &amp;apos;RAUSHAN_BADAL&amp;apos;, ip: &amp;apos;192.168.31.251&amp;apos;
Build info: version: &amp;apos;4.43.0&amp;apos;, revision: &amp;apos;dd0f534&amp;apos;
System info: os.name: &amp;apos;Windows 11&amp;apos;, os.arch: &amp;apos;amd64&amp;apos;, os.version: &amp;apos;10.0&amp;apos;, java.version: &amp;apos;25.0.1&amp;apos;
Driver info: driver.version: unknown
Build info: version: &amp;apos;4.44.0&amp;apos;, revision: &amp;apos;da2039b&amp;apos;
System info: os.name: &amp;apos;Windows 11&amp;apos;, os.arch: &amp;apos;amd64&amp;apos;, os.version: &amp;apos;10.0&amp;apos;, java.version: &amp;apos;25.0.1&amp;apos;
Driver info: org.openqa.selenium.remote.RemoteWebDriver
Command: [null, newSession {capabilities=[Capabilities {acceptInsecureCerts: true, browserName: firefox, moz:firefoxOptions: {prefs: {remote.active-protocols: 1}}}]}]
Capabilities {acceptInsecureCerts: true, browserName: firefox, moz:firefoxOptions: {prefs: {remote.active-protocols: 1}}}">
      <![CDATA[org.openqa.selenium.SessionNotCreatedException: Could not start a new session. Response code 500. Message: Could not start a new session. Error while creating session with the driver service. Unable to obtain: geckodriver, error Command failed with code: 65, executed: [--browser, firefox, --language-binding, java, --output, json]
error sending request for url (https://product-details.mozilla.org/1.0/firefox_versions.json)
Build info: version: '4.43.0', revision: 'dd0f534'
System info: os.name: 'Windows 11', os.arch: 'amd64', os.version: '10.0', java.version: '25.0.1'
Driver info: driver.version: unknown 
Host info: host: 'RAUSHAN_BADAL', ip: '192.168.31.251'
Build info: version: '4.43.0', revision: 'dd0f534'
System info: os.name: 'Windows 11', os.arch: 'amd64', os.version: '10.0', java.version: '25.0.1'
Driver info: driver.version: unknown
Build info: version: '4.44.0', revision: 'da2039b'
System info: os.name: 'Windows 11', os.arch: 'amd64', os.version: '10.0', java.version: '25.0.1'
Driver info: org.openqa.selenium.remote.RemoteWebDriver
Command: [null, newSession {capabilities=[Capabilities {acceptInsecureCerts: true, browserName: firefox, moz:firefoxOptions: {prefs: {remote.active-protocols: 1}}}]}]
Capabilities {acceptInsecureCerts: true, browserName: firefox, moz:firefoxOptions: {prefs: {remote.active-protocols: 1}}}
at org.openqa.selenium.remote.ProtocolHandshake.createSession(ProtocolHandshake.java:115)
at org.openqa.selenium.remote.ProtocolHandshake.createSession(ProtocolHandshake.java:76)
at org.openqa.selenium.remote.ProtocolHandshake.createSession(ProtocolHandshake.java:62)
at org.openqa.selenium.remote.HttpCommandExecutor.execute(HttpCommandExecutor.java:196)
at org.openqa.selenium.remote.TracedCommandExecutor.execute(TracedCommandExecutor.java:53)
at org.openqa.selenium.remote.RemoteWebDriver.execute(RemoteWebDriver.java:600)
at org.openqa.selenium.remote.RemoteWebDriver.startSession(RemoteWebDriver.java:284)
at org.openqa.selenium.remote.RemoteWebDriver.<init>(RemoteWebDriver.java:217)
at org.openqa.selenium.remote.RemoteWebDriver.<init>(RemoteWebDriver.java:176)
at org.openqa.selenium.remote.RemoteWebDriver.<init>(RemoteWebDriver.java:172)
at Day27_testcase.GridLoginTest.loginTest(GridLoginTest.java:53)
at java.base/java.util.ArrayList.forEach(ArrayList.java:1604)
at java.base/java.util.concurrent.FutureTask.run(FutureTask.java:328)
at java.base/java.util.concurrent.ThreadPoolExecutor.runWorker(ThreadPoolExecutor.java:1090)
at java.base/java.util.concurrent.ThreadPoolExecutor$Worker.run(ThreadPoolExecutor.java:614)
at java.base/java.lang.Thread.run(Thread.java:1474)
... Removed 15 stack frames]]>
    </failure>
  </testcase> <!-- loginTest -->
</testsuite> <!-- FirefoxTest -->
