<?xml version="1.0" encoding="UTF-8"?>
<!-- Generated by org.testng.reporters.JUnitXMLReporter -->
<testsuite ignored="2" hostname="RAUSHAN_BADAL" failures="0" tests="2" name="SmokeTests" time="0.254" errors="0" timestamp="2026-05-23T11:57:05 IST">
  <testcase classname="Day26_DDT.SmokeRegressionTes" name="smokeTest1" time="0.054"/>
  <testcase classname="Day26_DDT.SmokeRegressionTes" name="smokeTest2" time="0.004"/>
  <testcase classname="Day26_DDT.SmokeRegressionTes" name="regressionTest2" time="0.0">
    <ignored/>
  </testcase> <!-- regressionTest2 -->
  <testcase classname="Day26_DDT.SmokeRegressionTes" name="regressionTest1" time="0.0">
    <ignored/>
  </testcase> <!-- regressionTest1 -->
</testsuite> <!-- SmokeTests -->
