<?xml version="1.0" encoding="UTF-8"?>
<!-- Generated by org.testng.reporters.JUnitReportReporter -->
<testsuite hostname="RAUSHAN_BADAL" failures="0" tests="4" name="Day23_TestNG.BankingFundTransferTest" time="49.906" errors="0" timestamp="2026-05-19T17:41:47 IST" skipped="0">
  <testcase classname="Day23_TestNG.BankingFundTransferTest" name="verifyLoginPageTitle" time="7.232"/>
  <testcase classname="Day23_TestNG.BankingFundTransferTest" name="loginTest" time="9.284"/>
  <testcase classname="Day23_TestNG.BankingFundTransferTest" name="fundTransferTest" time="21.651"/>
  <testcase classname="Day23_TestNG.BankingFundTransferTest" name="logoutTest" time="11.739"/>
</testsuite> <!-- Day23_TestNG.BankingFundTransferTest -->
