<?xml version="1.0" encoding="UTF-8"?>
<!-- Generated by org.testng.reporters.JUnitReportReporter -->
<testsuite hostname="RAUSHAN_BADAL" failures="0" tests="3" name="Day26_DDT.MultipleLoginTest" time="20.312" errors="0" timestamp="2026-05-23T10:36:25 IST" skipped="0">
  <testcase classname="Day26_DDT.MultipleLoginTest" name="loginTest" time="6.114"/>
  <testcase classname="Day26_DDT.MultipleLoginTest" name="loginTest" time="6.094"/>
  <testcase classname="Day26_DDT.MultipleLoginTest" name="loginTest" time="8.104"/>
</testsuite> <!-- Day26_DDT.MultipleLoginTest -->
