<?xml version="1.0" encoding="UTF-8"?>
<!-- Generated by org.testng.reporters.JUnitReportReporter -->
<testsuite hostname="RAUSHAN_BADAL" failures="0" tests="3" name="Day23_TestNG.BankingFundTransferTestFinal" time="62.292" errors="0" timestamp="2026-05-19T17:12:50 IST" skipped="0">
  <testcase classname="Day23_TestNG.BankingFundTransferTestFinal" name="verifyTitle" time="12.081"/>
  <testcase classname="Day23_TestNG.BankingFundTransferTestFinal" name="loginTest" time="20.285"/>
  <testcase classname="Day23_TestNG.BankingFundTransferTestFinal" name="transferFundTest" time="29.926"/>
</testsuite> <!-- Day23_TestNG.BankingFundTransferTestFinal -->
