<?xml version="1.0" encoding="UTF-8"?>
<!-- Generated by org.testng.reporters.JUnitReportReporter -->
<testsuite hostname="RAUSHAN_BADAL" failures="0" tests="3" name="Day23_TestNG.SauceDemoTest" time="12.527" errors="0" timestamp="2026-05-19T15:24:30 IST" skipped="0">
  <testcase classname="Day23_TestNG.SauceDemoTest" name="verifyLoginPageTitle" time="5.463"/>
  <testcase classname="Day23_TestNG.SauceDemoTest" name="loginTest" time="3.442"/>
  <testcase classname="Day23_TestNG.SauceDemoTest" name="verifyProductPage" time="3.622"/>
</testsuite> <!-- Day23_TestNG.SauceDemoTest -->
