<?xml version="1.0" encoding="UTF-8"?>
<!-- Generated by org.testng.reporters.JUnitReportReporter -->
<testsuite hostname="RAUSHAN_BADAL" failures="0" tests="3" name="Day27_testcase.ParallelTest" time="6.063" errors="0" timestamp="2026-05-23T12:25:28 IST" skipped="0">
  <testcase classname="Day27_testcase.ParallelTest" name="searchTest" time="2.021"/>
  <testcase classname="Day27_testcase.ParallelTest" name="paymentTest" time="2.021"/>
  <testcase classname="Day27_testcase.ParallelTest" name="loginTest" time="2.021"/>
</testsuite> <!-- Day27_testcase.ParallelTest -->
